37b07082-b416-429b-bdc9-ebe8ccba782c:1766951475461:28:S:INSERT INTO PAISES (id, nombre, gentilicio, continente, ue)\nVALUES (58, 'Venezuela', 'venezolano', 'AMERICA', FALSE);
a0829ed6-01ae-4b2a-afe6-3afead7a5086:1766951475729:7:S:INSERT INTO PAISES (id, nombre, gentilicio, continente, ue)\nVALUES (43, 'Dinamarca', 'danes', 'EUROPA', TRUE);
0d61b1bf-b92a-439c-ba28-310494037dfe:1766951475914:3:S:INSERT INTO PAISES (id, nombre, gentilicio, continente, ue)\nVALUES (34, 'Espana', 'espanol', 'EUROPA', TRUE);
c9126ec3-acce-46a0-9c6e-95d7e9afd351:1766951476097:3:S:INSERT INTO PAISES (id, nombre, gentilicio, continente, ue)\nVALUES (972, 'ISRAEL', 'israelí', 'ASIA', FALSE);
965c7c2a-75ad-4c0d-94b8-a8d7412fe9bf:1766951476261:5:S:INSERT INTO PAISES (id, nombre, gentilicio, continente, ue)\nVALUES (56, 'CHILE', 'chileno', 'AMERICA', FALSE);
db8a5cb1-e23b-474f-9f73-a1165977dae6:1766951476470:10:S:INSERT INTO PAISES (id, nombre, gentilicio, continente, ue) \nVALUES (507, 'Panamá', 'panameño', 'AMERICA', FALSE);
e383ae02-b13a-48c3-8879-2b2df5423ad1:1766951476857:12:S:INSERT INTO PAISES (id, nombre, gentilicio, continente, ue) VALUES \n(52, 'México', 'mexicano', 'AMERICA', FALSE),\n(55, 'Brasil', 'brasileño', 'AMERICA', FALSE),\n(49, 'Alemania', 'alemán', 'EUROPA', TRUE),\n(61, 'Australia', 'australiano', 'OCEANIA', FALSE);
81846861-d9d0-4fcc-b875-c039f1fe68bf:1766951476961:6:S:COMMIT;
ee3f12fb-96b8-4e82-87ea-644c07bd3d02:1766951477148:10:S:INSERT INTO ESTADOS (id_pais, id, nombre)\nVALUES (58, 1, 'Distrito Capital');
94dd7d6b-6048-4adf-ac2c-7415a23ccfb9:1766951477235:3:S:INSERT INTO ESTADOS (id_pais, id, nombre)\nVALUES (58, 2, 'Carabobo');
fc337920-9495-421a-948c-dd8eda925f70:1766951477382:6:S:INSERT INTO ESTADOS (id_pais, id, nombre)\nVALUES (43, 1, 'Region Capital');
578c56d1-9cb4-466c-a610-9b399c5473e3:1766951477486:5:S:INSERT INTO ESTADOS (id_pais, id, nombre)\nVALUES (43, 2, 'Selandia');
160f3f79-2b6c-448e-9fa1-d25cd63e548e:1766951477634:4:S:INSERT INTO ESTADOS (id_pais, id, nombre)\nVALUES (34, 1, 'Comunidad de Madrid');
e843ee32-4153-4467-81f0-680b026dd049:1766951477728:5:S:INSERT INTO ESTADOS (id_pais, id, nombre)\nVALUES (34, 2, 'Cataluna');
37e1338a-b844-491c-96c1-39b8204897b0:1766951477892:7:S:INSERT INTO ESTADOS (id_pais, id, nombre)\nVALUES (972, 1, 'Distrito Central');
00cff556-c90c-4a6e-b3b9-736661e0051f:1766951478042:5:S:INSERT INTO ESTADOS (id_pais, id, nombre)\nVALUES (972, 2, 'Distrito Tel Aviv');
9beec8d7-4e0f-4000-b0f5-0c5298fab10b:1766951478208:5:S:INSERT INTO ESTADOS (id_pais, id, nombre)\nVALUES (972, 3, 'Distrito Sur');
a5e50ea6-5c68-49b2-adce-a13a032ceb04:1766951478327:3:S:INSERT INTO ESTADOS (id_pais, id, nombre)\nVALUES (56, 1, 'Coquimbo Region');
dde5b9c8-3e54-486d-9101-55e66161939d:1766951478434:4:S:INSERT INTO ESTADOS (id_pais, id, nombre)\nVALUES (56, 2, 'Region Metropolitana de Santiago');
14731a6b-0d6d-4f06-8466-2562bcddd26a:1766951478593:4:S:INSERT INTO ESTADOS (id_pais, id, nombre) \nVALUES (507, 101, 'Panamá');
3b14a389-6ff2-4ce1-b7cc-64f28e2e2c97:1766951478691:5:S:INSERT INTO ESTADOS (id_pais, id, nombre) \nVALUES (507, 102, 'Colón');
cdc2cb6d-8511-43ad-8c42-8ecdd73d61ea:1766951478784:5:S:INSERT INTO ESTADOS (id_pais, id, nombre) \nVALUES (507, 103, 'Chiriquí');
e6d07f63-76af-489c-9a63-c8bec52bbaba:1766951478900:7:S:INSERT INTO ESTADOS (id_pais, id, nombre) \nVALUES (507, 104, 'Veraguas');
29f778d7-4248-4382-87b2-9b0e7e9d02a2:1766951478999:3:S:INSERT INTO ESTADOS (id_pais, id, nombre) \nVALUES (507, 105, 'Coclé');
75e9d9ca-08f4-4f9e-90c4-2633461ebc98:1766951479164:7:S:INSERT INTO ESTADOS (id_pais, id, nombre) VALUES \n(52, 1, 'Ciudad de México'),\n(52, 2, 'Nuevo León');
b279f92a-d108-4067-b32b-10ab15b2cd4e:1766951479339:7:S:INSERT INTO ESTADOS (id_pais, id, nombre) VALUES \n(55, 1, 'São Paulo'),\n(55, 2, 'Rio de Janeiro');
3089b1f1-e404-431d-987c-8283aece1239:1766951479491:4:S:INSERT INTO ESTADOS (id_pais, id, nombre) VALUES \n(49, 1, 'Baviera'),\n(49, 2, 'Berlín');
5c80cba1-f346-4b98-8880-7eff664a49f6:1766951479660:7:S:INSERT INTO ESTADOS (id_pais, id, nombre) VALUES \n(61, 1, 'Nueva Gales del Sur'),\n(61, 2, 'Victoria');
df9d026e-0058-43ea-a8c5-44994cf6dd6e:1766951479746:6:S:COMMIT;
9715730f-af48-4763-bba8-d5ac5162ab6a:1766951479931:12:S:INSERT INTO CIUDADES (id_pais, id_estado, id, nombre)\nVALUES (58, 1, 101, 'Caracas');
fa5061ce-e798-494c-8e35-163efce98161:1766951480031:4:S:INSERT INTO CIUDADES (id_pais, id_estado, id, nombre)\nVALUES (58, 2, 102, 'Valencia');
07b34a19-de37-403a-924b-5a1b7f917425:1766951480165:4:S:INSERT INTO CIUDADES (id_pais, id_estado, id, nombre)\nVALUES (43, 1, 101, 'Copenhague');
7b6efc22-c47d-4998-9c6e-b1315b459ecb:1766951480265:3:S:INSERT INTO CIUDADES (id_pais, id_estado, id, nombre)\nVALUES (43, 2, 102, 'Rosklide');
47ed9fa2-2ede-4441-8729-755bbf56c212:1766951480389:4:S:INSERT INTO CIUDADES (id_pais, id_estado, id, nombre)\nVALUES (34, 1, 101, 'Madrid');
de7643ff-3414-4fad-873e-9ad8e2eb2c19:1766951480491:2:S:INSERT INTO CIUDADES (id_pais, id_estado, id, nombre)\nVALUES (34, 2, 102, 'Barcelona');
ca50d390-76ca-416a-bbab-da86d3b34ca4:1766951480627:4:S:INSERT INTO CIUDADES (id_pais, id_estado, id, nombre)\nVALUES (972, 1, 1, 'Rishon Lezion');
2b652070-e767-4872-8073-e894879903de:1766951480723:6:S:INSERT INTO CIUDADES (id_pais, id_estado, id, nombre)\nVALUES (972, 2, 1, 'Tel Aviv');
6cfa2c4f-2e32-4037-84a0-95d3c7f7ace0:1766951480806:6:S:INSERT INTO CIUDADES (id_pais, id_estado, id, nombre)\nVALUES (972, 3, 1, 'Eilat');
19196db0-06e5-4fe0-9cbd-fb183f867f03:1766951480939:2:S:INSERT INTO CIUDADES (id_pais, id_estado, id, nombre)\nVALUES (56, 1, 1, 'Coquimbo');
550b3724-b992-4712-8405-79bf6d73fb84:1766951481027:3:S:INSERT INTO CIUDADES (id_pais, id_estado, id, nombre)\nVALUES (56, 2, 1, 'Las Condes');
af864550-2013-418b-a98a-a5339b7ec010:1766951481120:2:S:INSERT INTO CIUDADES (id_pais, id_estado, id, nombre)\nVALUES (56, 2, 2, 'La Reina');
540fc245-43f6-45e9-ba4a-6421bcca0b04:1766951481250:2:S:INSERT INTO CIUDADES (id_pais, id_estado, id, nombre) VALUES (507, 101, 1001, 'Ciudad de Panamá');
0874d03f-f32b-4c8f-b09a-7a550991c7d5:1766951481338:5:S:INSERT INTO CIUDADES (id_pais, id_estado, id, nombre) VALUES (507, 102, 1003, 'Colón');
6a8e1a33-186e-464f-a517-efb38f3b5f0d:1766951481426:6:S:INSERT INTO CIUDADES (id_pais, id_estado, id, nombre) VALUES (507, 103, 1004, 'David');
99448999-02af-4d5a-9b8b-2e2580209cff:1766951481522:3:S:INSERT INTO CIUDADES (id_pais, id_estado, id, nombre) VALUES (507, 104, 1007, 'Soná');
018cbfd8-557a-46f5-8f4c-5da4e866d076:1766951481610:3:S:INSERT INTO CIUDADES (id_pais, id_estado, id, nombre) VALUES (507, 105, 1010, 'Aguadulce');
ea882455-62f5-4e7a-8c23-6574e6a61975:1766951481765:4:S:INSERT INTO CIUDADES (id_pais, id_estado, id, nombre) VALUES \n(52, 1, 101, 'Ciudad de México'),\n(52, 2, 101, 'Monterrey');
dcc32173-d4de-414d-8a1a-41a99ca13bda:1766951481926:4:S:INSERT INTO CIUDADES (id_pais, id_estado, id, nombre) VALUES \n(55, 1, 101, 'São Paulo'),\n(55, 2, 101, 'Rio de Janeiro');
1628395d-cdc0-413c-bfc2-43152d6112da:1766951482109:3:S:INSERT INTO CIUDADES (id_pais, id_estado, id, nombre) VALUES \n(49, 1, 101, 'Múnich'),\n(49, 2, 101, 'Berlín');
4fc13c48-2ac8-42a2-9fa2-bf2009aea160:1766951482257:6:S:INSERT INTO CIUDADES (id_pais, id_estado, id, nombre) VALUES \n(61, 1, 101, 'Sídney'),\n(61, 2, 101, 'Melbourne');
7261c047-4887-46c0-8751-a481db0c3519:1766951482347:5:S:COMMIT;
44568699-a647-47fc-88e8-b6fc14e1aa24:1766951482597:15:S:INSERT INTO CLIENTES (id_lego, prim_nom, seg_nom, prim_ape, seg_ape, f_nacim, dni, id_pais_resi, pasaporte, f_venc_pasap)\nVALUES (1001, 'María', 'José', 'González', 'Pérez', TO_DATE('1990-05-12','YYYY-MM-DD'), 'V-12345678', 58, 'P1234567', TO_DATE('2030-05-12','YYYY-MM-DD'));
805a26f7-58a3-4e02-9bc3-932f0eec8c88:1766951482805:4:S:INSERT INTO CLIENTES (id_lego, prim_nom, seg_nom, prim_ape, seg_ape, f_nacim, dni, id_pais_resi, pasaporte, f_venc_pasap)\nVALUES (1002, 'Juan', 'Gabriel', 'Hernandez', 'Paredes', TO_DATE('2002-04-13','YYYY-MM-DD'), '65893214P', 43, NULL, NULL);
7ed909c2-5799-49fe-a1b4-9b6f764ad832:1766951483026:4:S:INSERT INTO CLIENTES (id_lego, prim_nom, seg_nom, prim_ape, seg_ape, f_nacim, dni, id_pais_resi, pasaporte, f_venc_pasap)\nVALUES (1003, 'Elsa', NULL, 'Kristensen', 'Dorgu', TO_DATE('1992-02-20','YYYY-MM-DD'), '200292-1235', 43, NULL, NULL);
f0df55bb-e8b1-4ddb-9102-f936e1868e87:1766951484150:0:F:INSERT INTO CLIENTES (id_lego, prim_nom, seg_nom, prim_ape, seg_ape, f_nacim, dni, id_pais_resi, pasaporte, f_venc_pasap) VALUES \n(1004, 'Carlos', 'Antonio', 'López', 'García', TO_DATE('1985-11-03','YYYY-MM-DD'), 'MX12345678', 52, 'MEX789012', TO_DATE('2028-11-03','YYYY-MM-DD')),\n(1005, 'Ana', 'Beatriz', 'Silva', 'Santos', TO_DATE('1998-07-22','YYYY-MM-DD'), '12345678901', 55, NULL, NULL),\n(1006, 'Hans', NULL, 'Müller', 'Schmidt', TO_DATE('1975-09-15','YYYY-MM-DD'), '1234567890', 49, NULL, NULL),\n(1007, 'Sarah', 'Jane', 'Wilson', 'Brown', TO_DATE('2005-03-10','YYYY-MM-DD'), 'AU123456789', 61, 'AUS456789', TO_DATE('2032-03-10','YYYY-MM-DD')),\n(1008, 'Lucía', NULL, 'Martín', 'Gómez', TO_DATE('1994-12-28','YYYY-MM-DD'), '12345678Z', 34, NULL, NULL),\n(1009, 'David', 'Eli', 'Cohen', 'Levy', TO_DATE('1988-01-17','YYYY-MM-DD'), '123456789', 972, 'ISR987654', TO_DATE('2029-01-17','YYYY-MM-DD'));
30043029-f15f-49d5-a434-d55e15cb4162:1766951484351:5:S:COMMIT;
8f24dfc2-e50c-4f0b-b498-90f241e4f536:1766951484705:19:S:INSERT INTO TIENDAS_LEGO (id, nombre, direccion, id_pais, id_estado, id_ciudad)\nVALUES (10, 'LEGO Caracas', 'Av. Libertador, C.C. Sambil', 58, 1, 101);
7b6eff50-75d5-4769-a02a-71e5f664f2f1:1766951485098:8:S:INSERT INTO TIENDAS_LEGO (id, nombre, direccion, id_pais, id_estado, id_ciudad)\nVALUES (11, 'LEGO Store Rishon Lezion', 'G Cinema City Mall, 3 Yaldey', 972, 1, 1);
6543c107-8386-45de-82bb-b3a044223b6e:1766951485308:4:S:INSERT INTO TIENDAS_LEGO (id, nombre, direccion, id_pais, id_estado, id_ciudad)\nVALUES (12, 'LEGO Store Tel Aviv', 'Dizengoff Center, Dizengoff St 50', 972, 2, 1);
a6bc9ad5-e60e-4e45-aaeb-f4a0f5a7d16f:1766951485485:7:S:INSERT INTO TIENDAS_LEGO (id, nombre, direccion, id_pais, id_estado, id_ciudad)\nVALUES (13, 'LEGO Store Eilat', 'BIG CENTER Eilat, 20 Hasatat St.', 972, 3, 1);
4262209b-0d76-41e9-a828-91c35649dbd4:1766951485738:3:S:INSERT INTO TIENDAS_LEGO (id, nombre, direccion, id_pais, id_estado, id_ciudad)\nVALUES (21, 'LEGO Store Egana', 'Av. Larrain 5862, La Reina, Región Metropolitana, Chile', 56, 2, 2);
1146a821-9da5-4eb2-8bf9-4cec51c96b4a:1766951485944:10:S:INSERT INTO TIENDAS_LEGO (id, nombre, direccion, id_pais, id_estado, id_ciudad)\nVALUES (22, 'LEGO Store Manquehue', 'Av. Manquehue Nte. 1255', 56, 2, 1);
da908ddb-9fb8-475e-81b9-86d7fa997e9c:1766951486096:2:S:INSERT INTO TIENDAS_LEGO (id, nombre, direccion, id_pais, id_estado, id_ciudad)\nVALUES (23, 'LEGO Store Calama', 'Av. Balmaceda 3242', 56, 1, 1);
70428c77-69f0-460a-9a60-318fb3012e40:1766951486300:5:S:INSERT INTO TIENDAS_LEGO (id, nombre, direccion, id_pais, id_estado, id_ciudad)\nVALUES (501, 'LEGO Store Multiplaza', 'Av. Balboa, Multiplaza Mall', 507, 101, 1001);
2a78b5e2-51bf-43ae-8bc9-f10a056eb998:1766951486478:3:S:INSERT INTO TIENDAS_LEGO (id, nombre, direccion, id_pais, id_estado, id_ciudad)\nVALUES (506, 'LEGO Store Altaplaza', 'Altaplaza Mall, Vía Centenario, Ciudad de Panamá', 507, 101, 1001);
bc52a4f2-e186-483d-bc5f-030d34e51f5c:1766951486561:3:S:COMMIT;
58a89aba-4140-4cdc-a45c-41d0950e2cb9:1766951487036:10:S:INSERT INTO HORARIOS_ATENCION (id_tienda, dia, hora_entr, hora_sal) VALUES \n(10, 'LUN', TO_DATE('09:00','HH24:MI'), TO_DATE('17:00','HH24:MI')),\n(10, 'MAR', TO_DATE('09:00','HH24:MI'), TO_DATE('20:00','HH24:MI')),\n(10, 'MIE', TO_DATE('10:00','HH24:MI'), TO_DATE('17:00','HH24:MI')),\n(10, 'JUE', TO_DATE('09:00','HH24:MI'), TO_DATE('19:00','HH24:MI')),\n(10, 'VIE', TO_DATE('09:00','HH24:MI'), TO_DATE('17:00','HH24:MI')),\n(10, 'SAB', TO_DATE('10:00','HH24:MI'), TO_DATE('16:00','HH24:MI')),\n(10, 'DOM', TO_DATE('09:00','HH24:MI'), TO_DATE('17:00','HH24:MI'));
aa006b70-54fc-4087-a469-4a80ee28238b:1766951487131:4:S:COMMIT;
aa006b70-54fc-4087-a469-4a80ee28238b:1766951487131:4:S:COMMIT;
d86a28ed-1ce6-4b8a-8a11-5ee700e452bb:1766951487443:3:S:INSERT INTO FACTURAS_TIENDA (nro_fact, id_cliente, id_tienda, f_emision, total)\nVALUES (500001, 1001, 10, TO_DATE('2025-12-01','YYYY-MM-DD'), 150.50);
1e13206d-afe8-4e99-9a4b-8d54722197f8:1766951487791:0:F:INSERT INTO FACTURAS_TIENDA (nro_fact, id_cliente, id_tienda, f_emision, total) VALUES \n(500002, 1002, 11, TO_DATE('2025-12-03','YYYY-MM-DD'), 245.99), \n(500003, 1004, 10, TO_DATE('2025-12-04','YYYY-MM-DD'), 89.50),\n(500004, 1005, 21, TO_DATE('2025-12-05','YYYY-MM-DD'), 178.20),\n(500005, 1006, 12, TO_DATE('2025-12-06','YYYY-MM-DD'), 320.75), \n(500006, 1008, 13, TO_DATE('2025-12-07','YYYY-MM-DD'), 156.00),\n(500007, 1009, 22, TO_DATE('2025-12-08','YYYY-MM-DD'), 210.30);
a6e5f6e9-458e-4573-9dd9-21519af22b28:1766951487884:5:S:COMMIT;
fb61abbc-ea47-4664-8630-d353ac462675:1766951488103:7:S:INSERT INTO VISITANTES_FANS (id_lego, prim_nom, prim_ape, seg_ape, f_nacim, dni, id_pais, seg_nom, pasaporte, f_venc_pasap)\nVALUES (2001, 'José', 'Ramírez', 'Torres', TO_DATE('1985-03-20','YYYY-MM-DD'), 987654321, 58, 'Luis', 'VZL12345', TO_DATE('2029-03-20','YYYY-MM-DD'));
fbdf63d8-3e19-4c63-84a8-46fb090833c3:1766951489090:7:S:INSERT INTO VISITANTES_FANS (id_lego, prim_nom, prim_ape, seg_ape, f_nacim, dni, id_pais, seg_nom, pasaporte, f_venc_pasap) VALUES \n(2002, 'Pedro', 'Guzmán', 'López', TO_DATE('1995-08-10','YYYY-MM-DD'), 123456789, 52, NULL, NULL, NULL),     -- México\n(2003, 'Luisa', 'Fernández', 'Roa', TO_DATE('2000-12-05','YYYY-MM-DD'), 9876543210, 55, 'Maria', NULL, NULL), -- Brasil\n(2004, 'Klaus', 'Weber', 'Klein', TO_DATE('1980-06-22','YYYY-MM-DD'), 876543210, 49, NULL, 'DEU123456', TO_DATE('2028-06-22','YYYY-MM-DD')),  -- Alemania\n(2005, 'Emma', 'Davis', 'Lee', TO_DATE('2008-02-14','YYYY-MM-DD'), 456789123, 61, NULL, NULL, NULL),         -- Australia\n(2006, 'Miguel', 'Sánchez', 'Ríos', TO_DATE('1997-09-30','YYYY-MM-DD'), 321654987, 34, NULL, NULL, NULL),    -- España\n(2007, 'Rachel', 'Goldberg', 'Weiss', TO_DATE('1990-04-18','YYYY-MM-DD'), 147258369, 972, NULL, NULL, NULL); -- Israel
1abc9bd5-f727-4fcd-a15b-346fef516efc:1766951489171:6:S:COMMIT;
e4c59ae1-b404-47cf-9549-7877ab3c601f:1766951489346:7:S:INSERT INTO TELEFONOS (cod_inter, cod_local, numero, tipo, id_cliente)\nVALUES (58, 212, 5551234, 'F', 1001); -- Teléfono fijo Caracas
30e1e321-558c-4425-b46f-0317375a58f2:1766951489451:3:S:INSERT INTO TELEFONOS (cod_inter, cod_local, numero, tipo, id_visitante)\nVALUES (58, 414, 7894561, 'M', 2001); -- Teléfono móvil Movilnet
b03769ef-a33c-4996-b006-3843470f2a7c:1766951489789:0:F:INSERT INTO TELEFONOS (cod_inter, cod_local, numero, tipo, id_cliente) VALUES \n(52, 55, 1234567, 'F', 1004),  -- México fijo\n(55, 11, 9876543, 'M', 1005),  -- Brasil móvil\n(49, 30, 4567890, 'F', 1006),  -- Alemania fijo\n(61, 2, 7890123, 'M', 1007),   -- Australia móvil\n(34, 91, 2345678, 'F', 1008),  -- España fijo Madrid\n(972, 3, 4567890, 'M', 1009);  -- Israel móvil
55e2e142-ae55-4df3-8c8b-eb5904a50481:1766951489893:3:S:COMMIT;
b43d2598-5218-4b84-97de-03a1c9f025d8:1766951490120:7:S:INSERT INTO FACTURAS_ONLINE (nro_fact, f_emision, id_cliente, ptos_generados, total)\nVALUES (700001, TO_DATE('2025-11-25','YYYY-MM-DD'), 1001, 25, 80.75);
7a978a81-9f78-44c2-8666-296b2bb19cc4:1766951490480:0:F:INSERT INTO FACTURAS_ONLINE (nro_fact, f_emision, id_cliente, ptos_generados, total) VALUES \n(700002, TO_DATE('2025-11-28','YYYY-MM-DD'), 1002, 15, 120.25),\n(700003, TO_DATE('2025-11-29','YYYY-MM-DD'), 1004, 30, 89.99),\n(700004, TO_DATE('2025-11-30','YYYY-MM-DD'), 1005, 22, 175.80),\n(700005, TO_DATE('2025-12-01','YYYY-MM-DD'), 1006, 45, 299.50),\n(700006, TO_DATE('2025-12-02','YYYY-MM-DD'), 1007, 12, 65.75),\n(700007, TO_DATE('2025-12-03','YYYY-MM-DD'), 1008, 18, 142.00);
cbb66d49-f1b9-4232-9b05-2d36d7563a4f:1766951490579:4:S:COMMIT;
eb05a827-c84e-40a5-b916-cf6ca424a15d:1766951490994:10:S:INSERT INTO FECHAS_TOUR (f_inicio, costo, cupos) VALUES \n(TO_DATE('2026-02-20','YYYY-MM-DD'), 95.00, 30),    -- Tour económico\n(TO_DATE('2026-03-10','YYYY-MM-DD'), 180.00, 25),   -- Tour premium\n(TO_DATE('2026-04-05','YYYY-MM-DD'), 135.00, 40),   -- Tour primavera\n(TO_DATE('2026-05-15','YYYY-MM-DD'), 110.00, 35),   -- Tour mayo\n(TO_DATE('2026-06-25','YYYY-MM-DD'), 155.00, 20),   -- Tour vacaciones\n(TO_DATE('2026-07-12','YYYY-MM-DD'), 140.00, 28);   -- Tour julio
f4fc9769-2c00-45cb-9b83-066a8cba68da:1766951491087:3:S:COMMIT;
7d00ee2a-86d6-4e24-bf7b-7e7cd2b4f1c5:1766951491267:8:S:INSERT INTO INSCRIPCIONES_TOUR (f_inicio, nro_fact, f_emision, estado, total) \nVALUES (TO_DATE('2026-02-20','YYYY-MM-DD'), 250, TO_DATE('2025-12-08','YYYY-MM-DD'), 'PENDIENTE', 20.00);
6de00c10-11e6-409e-8da8-c6c7f941d07b:1766951491356:3:S:COMMIT;
6de00c10-11e6-409e-8da8-c6c7f941d07b:1766951491356:3:S:COMMIT;
3a70bd46-bbf6-4273-a395-cff2417daa68:1766951491645:8:S:INSERT INTO ENTRADAS (f_inicio, nro_fact, nro, tipo)\nVALUES (TO_DATE('2026-02-20','YYYY-MM-DD'), 250, 900001, 'A'); -- Adulto
b4f32615-1063-4c49-8c55-3a61ceb6a864:1766951491750:3:S:INSERT INTO ENTRADAS (f_inicio, nro_fact, nro, tipo) VALUES \n(TO_DATE('2026-02-20','YYYY-MM-DD'), 250, 900002, 'M');  -- Menor
a021b576-0b42-4157-bd17-37a6f42e817b:1766951491840:5:S:COMMIT;
8aed5fde-ef4b-4033-bbc3-225653e50d0c:1766951492036:11:S:INSERT INTO TEMAS (id, nombre, tipo, descripcion, id_tema_padre)\nVALUES (101, 'Lego Batman', 'L', 'Sets inspirados en el universo de Batman', NULL);
a1f0130a-87f6-4538-b5b8-f301a571248b:1766951492193:3:S:INSERT INTO TEMAS (id, nombre, tipo, descripcion, id_tema_padre)\nVALUES (102, 'LEGO Art', 'L', 'Sets de arte y decoración con piezas LEGO', NULL);
91700430-8695-49fd-9c62-5e11f7e4471f:1766951492424:5:S:INSERT INTO TEMAS (id, nombre, tipo, descripcion, id_tema_padre) VALUES \n(306, 'LEGO Marvel', 'L', 'Personajes y escenarios icónicos del universo Marvel', NULL),\n(307, 'LEGO BrickHeadz', 'O', 'Figuras coleccionables estilo BrickHeadz de Disney y más', NULL);
31dedff8-e0fa-4073-ab59-efba951a919f:1766951492518:3:S:COMMIT;
c8d93aba-c6fa-4799-826c-dbffcbd84a58:1766951492730:11:S:INSERT INTO JUGUETES VALUES (2011, 'Batman Key Chain', 'Llavero oficial LEGO Batman 854235', 101, '5A6', 'A', 'L', FALSE, NULL, NULL, 152);
ed117ecc-a47e-40e5-a837-67506a15cf5a:1766951492909:0:F:INSERT INTO JUGUETES VALUES (2012, 'Batman Mech Armor', 'Armadura mecánica de Batman 76270', 101, '7A8', 'B', 'L', TRUE, NULL, 'Manual incluido');
fa504a84-9feb-4ca0-ae1a-d0421a645fb1:1766951493095:3:S:INSERT INTO JUGUETES VALUES (2013, 'Batgirl Key Chain', 'Llavero oficial LEGO Batgirl 854320', 101, '5A6', 'A', 'L', FALSE, NULL, NULL, 146);
2a4690c6-3435-4906-9132-3b81710a98eb:1766951493257:9:S:INSERT INTO JUGUETES VALUES (2014, 'Batman 8in1 Figure', 'Figura LEGO Batman 8 en 1 40748', 101, '9A11', 'C', 'L', TRUE, NULL, 'Guía paso a paso incluida', NULL);
2c212a85-7150-417a-a23f-78969909e9b1:1766951493415:6:S:INSERT INTO JUGUETES VALUES (3011, 'The Milky Way Galaxy', 'LEGO Art La Vía Láctea 31212', 102, '12+', 'D', 'L', TRUE, NULL, 'Manual detallado', NULL);
02610f51-4ccc-45c1-9510-dafdcf8dabe8:1766951493545:5:S:INSERT INTO JUGUETES VALUES (3012, 'LOVE', 'LEGO Art LOVE 31214', 102, '12+', 'C', 'L', TRUE, NULL, 'Guía incluida', NULL);
d42c6e9d-df63-4a53-92de-d6330708aa4d:1766951493701:4:S:INSERT INTO JUGUETES VALUES (3013, 'Mona Lisa', 'LEGO Art Mona Lisa 31213', 102, '12+', 'C', 'L', TRUE, NULL, 'Guía paso a paso', NULL);
2bb7a7ce-dcdf-4a78-a101-d05ecf1d3fe8:1766951493907:7:S:INSERT INTO JUGUETES VALUES (3014, 'The Fauna Collection - Tiger', 'LEGO Art Fauna: Tigre 31217', 102, '12+', 'C', 'L', TRUE, NULL, 'Manual incluido', NULL);
fe964fa6-e5af-4d53-b32b-16167b6b58f2:1766951494944:7:S:INSERT INTO JUGUETES (codigo, nombre, descripcion, id_tema, rgo_edad, rgo_precio, tipo_lego, "set", id_setpadre, instruc, piezas) VALUES \n(408, 'Iron Spider-Man', 'Figura de Spider-Man con armadura Iron Spider y alas mecánicas', 306, '9A11', 'C', 'L', FALSE, NULL, 'Instrucciones con detalles técnicos', 412),\n(409, 'Dancing Groot', 'Groot bebé con funciones de baile y expresiones animadas', 306, '7A8', 'B', 'L', TRUE, NULL, 'Guía paso a paso interactiva', NULL),\n(410, 'Miles Morales Mask', 'Casco de Miles Morales con detalles luminosos y soporte', 306, '12+', 'C', 'L', FALSE, 408, 'Instrucciones avanzadas con LEDs', 156),\n(411, 'Daily Bugle', 'Edificio icónico del Daily Bugle con oficinas y figuras', 306, 'ADULTOS', 'D', 'L', FALSE, NULL, 'Manual profesional 4D', 3724);
ece07186-815b-49d4-ac0a-add4e5981c6c:1766951496049:8:S:INSERT INTO JUGUETES (codigo, nombre, descripcion, id_tema, rgo_edad, rgo_precio, tipo_lego, "set", id_setpadre, instruc, piezas) VALUES \n(412, 'Eeyore BrickHeadz', 'Figurine BrickHeadz de Eeyore con orejas colgantes', 307, '5A6', 'A', 'O', TRUE, NULL, 'Instrucciones simples coloridas', NULL),\n(413, 'Wednesday y Enid', 'Duo BrickHeadz de Wednesday Addams y Enid Sinclair', 307, '9A11', 'B', 'O', TRUE, NULL, 'Guía dual con personalización', NULL),\n(414, 'Dumbo BrickHeadz', 'Figura BrickHeadz de Dumbo con orejas grandes', 307, '3A4', 'A', 'O', FALSE, NULL, 'Instrucciones básicas grandes', 189),\n(415, 'Red Panda Mei', 'BrickHeadz de Mei como panda roja de Turning Red', 307, '7A8', 'B', 'O', FALSE, 412, 'Instrucciones con variaciones animales', 140);
20c3c775-feeb-4b17-b8fc-e488748fecfa:1766951496161:6:S:COMMIT;
950a55ec-59fd-447d-8eb4-16dabb744d48:1766951496521:0:F:(412, 414), \n(414, 412),\n(415, 414);
2262d844-596c-410a-9d67-674ddee273d4:1766951496630:2:S:COMMIT;
f4927422-2237-41d9-87c6-be3534fad530:1766951496769:7:S:INSERT INTO PRODUCTOS_RELACIONADOS VALUES (2011, 2013);
933649cf-5f0c-4caf-946c-173acebaf4a9:1766951496835:0:F:INSERT INTO PRODUCTOS_RELACIONADOS VALUES (2011, 2012);
664dfa9d-47b8-4d4d-b1f3-1c78ac9f6bbf:1766951496931:0:F:INSERT INTO PRODUCTOS_RELACIONADOS VALUES (2012, 2014);
4845be26-6ea1-49b3-958b-d6196e503cbf:1766951497026:3:S:INSERT INTO PRODUCTOS_RELACIONADOS VALUES (2013, 2014);
989a313b-422d-4225-b84d-db3823b2a652:1766951497110:5:S:COMMIT;
6a72541a-72d7-4d07-987d-2cdf1688649f:1766951498022:0:F:INSERT INTO HISTORICO_PRECIOS_JUGUETES (cod_juguete, f_inicio, precio, f_fin) VALUES \n(408, TO_DATE('2025-01-01','YYYY-MM-DD'), 45.99, TO_DATE('2025-06-30','YYYY-MM-DD')),\n(409, TO_DATE('2025-02-15','YYYY-MM-DD'), 29.99, TO_DATE('2025-08-20','YYYY-MM-DD')), \n(2012, TO_DATE('2025-03-01','YYYY-MM-DD'), 19.99, NULL),                             \n(3012, TO_DATE('2025-04-10','YYYY-MM-DD'), 79.99, TO_DATE('2025-10-15','YYYY-MM-DD')),\n(412, TO_DATE('2025-05-01','YYYY-MM-DD'), 9.99, NULL),                                 \n(414, TO_DATE('2025-01-15','YYYY-MM-DD'), 9.99, TO_DATE('2025-07-01','YYYY-MM-DD')),   \n(2011, TO_DATE('2025-06-01','YYYY-MM-DD'), 4.99, NULL);
aa0cb6e5-abc0-45aa-a94f-230dc14ca94f:1766951498138:1:S:COMMIT;
df394717-e329-4cba-8c15-1cb554c42838:1766951498380:0:F:INSERT INTO CATALOGOS_LEGO (id_pais, cod_juguete, limite) VALUES \n(52, 408, 50), \n(55, 409, 75), \n(49, 2012, 30),\n(61, 412, 100), \n(34, 414, 60),\n(972, 2011, 40),\n(43, 3012, 25);
b7d2e4d7-9c5b-46f1-8121-ceb435fdec4f:1766951498516:3:S:INSERT INTO CATALOGOS_LEGO (id_pais, cod_juguete, limite) VALUES (58, 408, 100);
d3d8e92f-b23e-486b-b9d5-b32b7b9f7d3f:1766951498598:2:S:COMMIT;
d3d8e92f-b23e-486b-b9d5-b32b7b9f7d3f:1766951498598:2:S:COMMIT;
53606c67-31fe-4797-a89b-9630ec6463db:1766951498961:0:F:INSERT INTO DETALLES_INSCRITOS(fecha_inicio, nro_fact, id_det_insc, id_visit) \nVALUES (TO_DATE('2026-02-20','YYYY-MM-DD'), 250, 40, 2001),\n       (TO_DATE('2026-02-20','YYYY-MM-DD'), 250, 98, 2003);
f0cf8f4a-4dcd-4e43-96d1-12ce78a8efa8:1766951499072:2:S:COMMIT;
3079dd0b-eb15-4e81-9790-691ab113e4c2:1766951499238:69:S:INSERT INTO DETALLES_FACTURA_ONLINE (nro_fact, id_det_fact, cant_prod, tipo_cli, codigo, id_pais)\nVALUES (700001, 70001, 2, 'A', 408, 58);
725e56dd-a609-48f1-90a5-8796c64e37e1:1766951499406:3:S:COMMIT;
ef1a93c4-82a5-476a-bdaa-252171af2510:1766951499577:6:S:INSERT INTO LOTES_SET_TIENDA (cod_juguete, id_tienda, nro_lote, f_adqui, cant_prod)\nVALUES (408, 10, 301, TO_DATE('2025-10-15','YYYY-MM-DD'), 30);
5f622b4e-d081-4f17-a16b-5c2c0ea6e468:1766951499674:3:S:COMMIT;
2dddb972-9c95-4b82-8298-d2b0a7452297:1766951499839:0:F:INSERT INTO DETALLES_FACTURA_TIENDA (nro_fact, id_det_fact, cant_prod, tipo_cli, codigo, id_tienda, nro_lote)\nVALUES (500001, 80001, 3, 'M', 408, 10, 301);
b181228f-b404-46a5-921a-098624c8c622:1766951499942:2:S:COMMIT;
eb9dda9c-ecc5-41e6-983c-d37bf43d65b6:1766951500123:0:F:INSERT INTO DESCUENTOS (codigo, id_tienda, nro_lote, id_desc, fecha, cant)\nVALUES (408, 10, 301, 90001, TO_DATE('2025-12-05','YYYY-MM-DD'), 15);
95825c90-e0f6-4772-aeb0-65708286960f:1766951500228:3:S:COMMIT;
aae0b580-16db-4842-b561-3544feadf2fd:1766951812033:0:F:------------------------------------------------------------\nINSERT INTO FACTURAS_TIENDA (nro_fact, id_cliente, id_tienda, f_emision, total) VALUES (2001, 3001, 101, DATE '2025-12-13', 150.00);
a97b6e65-5608-4b68-9114-176af56c20f8:1766951812162:0:F:INSERT INTO FACTURAS_TIENDA (nro_fact, id_cliente, id_tienda, f_emision, total) VALUES (2002, 3002, 101, DATE '2025-12-13', 200.00);
2c4ba65a-fdea-4b91-9e6c-b203945ba7f2:1766951812301:0:F:INSERT INTO FACTURAS_TIENDA (nro_fact, id_cliente, id_tienda, f_emision, total) VALUES (2003, 3003, 101, DATE '2025-12-13', 175.00);
8efa7708-aaa9-4be9-b0ed-8b36bab2dcb5:1766951812451:0:F:INSERT INTO FACTURAS_TIENDA (nro_fact, id_cliente, id_tienda, f_emision, total) VALUES (2004, 3004, 101, DATE '2025-12-14', 220.00);
f97d129a-fcb3-4ee5-bccc-a9bf5ed96089:1766951812599:0:F:INSERT INTO FACTURAS_TIENDA (nro_fact, id_cliente, id_tienda, f_emision, total) VALUES (2005, 3005, 101, DATE '2025-12-14', 180.00);
1ebdc2bb-9115-44d6-874c-96867c0c1359:1766951812732:0:F:INSERT INTO FACTURAS_TIENDA (nro_fact, id_cliente, id_tienda, f_emision, total) VALUES (2006, 3006, 102, DATE '2025-12-15', 250.00);
491404a4-320e-47a5-8c78-502c2c9dbd55:1766951812844:0:F:INSERT INTO FACTURAS_TIENDA (nro_fact, id_cliente, id_tienda, f_emision, total) VALUES (2007, 3007, 102, DATE '2025-12-15', 300.00);
79fe0ec4-3cfd-4ed7-bcfa-bcee3aaf1aff:1766951812980:0:F:INSERT INTO FACTURAS_TIENDA (nro_fact, id_cliente, id_tienda, f_emision, total) VALUES (2008, 3008, 102, DATE '2025-12-16', 190.00);
15ea3b50-bd27-43e1-a714-0e4805a2a1c6:1766951813124:0:F:INSERT INTO FACTURAS_TIENDA (nro_fact, id_cliente, id_tienda, f_emision, total) VALUES (2009, 3009, 102, DATE '2025-12-16', 210.00);
7c645399-effc-424a-a6ed-7697fc0b941e:1766951813257:0:F:INSERT INTO FACTURAS_TIENDA (nro_fact, id_cliente, id_tienda, f_emision, total) VALUES (2010, 3010, 103, DATE '2025-12-17', 260.00);
4dd896ef-1d10-4447-82b1-ec3389ca909e:1766951813320:1:S:COMMIT;
123dd49b-1f2d-4021-add8-ffb62ca6370b:1766951813560:0:F:------------------------------------------------------------\nINSERT INTO LOTES_SET_TIENDA (cod_juguete, id_tienda, nro_lote, f_adqui, cant_prod) VALUES (501, 101, 1, DATE '2025-11-01', 50);
c4ca6883-12f3-456d-bf4f-2bbcc5f1f96b:1766951813677:0:F:INSERT INTO LOTES_SET_TIENDA (cod_juguete, id_tienda, nro_lote, f_adqui, cant_prod) VALUES (502, 101, 2, DATE '2025-11-02', 40);
14e0790c-6fa8-480e-82e4-0c6d62f20f14:1766951813787:0:F:INSERT INTO LOTES_SET_TIENDA (cod_juguete, id_tienda, nro_lote, f_adqui, cant_prod) VALUES (503, 101, 3, DATE '2025-11-03', 60);
505094c8-2a9d-4e21-a4a9-b3a9ee131657:1766951813891:0:F:INSERT INTO LOTES_SET_TIENDA (cod_juguete, id_tienda, nro_lote, f_adqui, cant_prod) VALUES (504, 101, 4, DATE '2025-11-04', 70);
e0c79458-c109-4870-a5ff-957921697fca:1766951813992:0:F:INSERT INTO LOTES_SET_TIENDA (cod_juguete, id_tienda, nro_lote, f_adqui, cant_prod) VALUES (505, 102, 1, DATE '2025-11-05', 80);
870a5075-d0ce-4d95-9c8c-46b2437cdb18:1766951814095:0:F:INSERT INTO LOTES_SET_TIENDA (cod_juguete, id_tienda, nro_lote, f_adqui, cant_prod) VALUES (506, 102, 2, DATE '2025-11-06', 90);
3dd3580e-bb00-4d01-b8a3-bad1968afcfe:1766951814195:0:F:INSERT INTO LOTES_SET_TIENDA (cod_juguete, id_tienda, nro_lote, f_adqui, cant_prod) VALUES (507, 102, 3, DATE '2025-11-07', 100);
da3e72fb-3ae1-4031-b786-fe32b5e31da3:1766951814297:0:F:INSERT INTO LOTES_SET_TIENDA (cod_juguete, id_tienda, nro_lote, f_adqui, cant_prod) VALUES (508, 102, 4, DATE '2025-11-08', 110);
bd84f6bf-9d18-4bc6-9fad-bb9f3ed68c5d:1766951814406:0:F:INSERT INTO LOTES_SET_TIENDA (cod_juguete, id_tienda, nro_lote, f_adqui, cant_prod) VALUES (509, 103, 1, DATE '2025-11-09', 120);
025e33fc-d6e6-4450-a1c1-c8a71c04a8f5:1766951814517:0:F:INSERT INTO LOTES_SET_TIENDA (cod_juguete, id_tienda, nro_lote, f_adqui, cant_prod) VALUES (510, 103, 2, DATE '2025-11-10', 130);
ee0f392d-fec0-42df-9154-bf510b454c70:1766951814602:2:S:COMMIT;
d89e659a-ae4c-4c10-9e96-73db2798b94f:1766951814907:0:F:------------------------------------------------------------\nINSERT INTO DETALLES_FACTURA_TIENDA (nro_fact, id_det_fact, cant_prod, tipo_cli, cod_juguete, id_tienda, nro_lote) VALUES (2001, 1, 5, 'A', 501, 101, 1);
a9c0c678-270b-47e9-ae0a-5a25f874aec1:1766951815033:0:F:INSERT INTO DETALLES_FACTURA_TIENDA (nro_fact, id_det_fact, cant_prod, tipo_cli, cod_juguete, id_tienda, nro_lote) VALUES (2002, 2, 3, 'M', 502, 101, 2);
024d5662-a695-4c0a-a06f-ffc6829650ce:1766951815152:0:F:INSERT INTO DETALLES_FACTURA_TIENDA (nro_fact, id_det_fact, cant_prod, tipo_cli, cod_juguete, id_tienda, nro_lote) VALUES (2003, 3, 4, 'A', 503, 101, 3);
8802197d-e90f-46d3-8c4c-95bda8b11e56:1766951815273:0:F:INSERT INTO DETALLES_FACTURA_TIENDA (nro_fact, id_det_fact, cant_prod, tipo_cli, cod_juguete, id_tienda, nro_lote) VALUES (2004, 4, 6, 'M', 504, 101, 4);
40ad5719-f89b-4224-9c2c-7d569f49315a:1766951815453:0:F:INSERT INTO DETALLES_FACTURA_TIENDA (nro_fact, id_det_fact, cant_prod, tipo_cli, cod_juguete, id_tienda, nro_lote) VALUES (2005, 5, 2, 'A', 501, 101, 1);
24da8348-a912-4311-a70b-3c3f464f1a0b:1766951815585:0:F:INSERT INTO DETALLES_FACTURA_TIENDA (nro_fact, id_det_fact, cant_prod, tipo_cli, cod_juguete, id_tienda, nro_lote) VALUES (2006, 6, 7, 'M', 505, 102, 1);
e5b312b7-ca00-4b0e-93bd-3daba5cafe98:1766951815701:0:F:INSERT INTO DETALLES_FACTURA_TIENDA (nro_fact, id_det_fact, cant_prod, tipo_cli, cod_juguete, id_tienda, nro_lote) VALUES (2007, 7, 8, 'A', 506, 102, 2);
22ae1b13-a0e5-4c68-9215-47007db00110:1766951815817:0:F:INSERT INTO DETALLES_FACTURA_TIENDA (nro_fact, id_det_fact, cant_prod, tipo_cli, cod_juguete, id_tienda, nro_lote) VALUES (2008, 8, 5, 'M', 507, 102, 3);
a5def0a6-829b-483f-ae32-22e3ccd97156:1766951815934:0:F:INSERT INTO DETALLES_FACTURA_TIENDA (nro_fact, id_det_fact, cant_prod, tipo_cli, cod_juguete, id_tienda, nro_lote) VALUES (2009, 9, 9, 'A', 508, 102, 4);
c64f9b09-cfbf-4da3-a114-b753ccf59bc6:1766951816052:0:F:INSERT INTO DETALLES_FACTURA_TIENDA (nro_fact, id_det_fact, cant_prod, tipo_cli, cod_juguete, id_tienda, nro_lote) VALUES (2010, 10, 4, 'M', 509, 103, 1);
9d275392-c32c-4431-b26e-5ce46cd9a2cf:1766951816119:1:S:COMMIT;
0baf3a77-8445-4a95-abea-4773b94ba2b2:1766951816346:0:F:------------------------------------------------------------\nINSERT INTO DESCUENTOS (cod_juguete, id_tienda, nro_lote, id_desc, fecha, cant) \nVALUES (501, 101, 1, 1, DATE '2025-12-13', 2);
3245bd3f-7676-4fce-93cb-2cd9b72f3d8a:1766951816494:0:F:INSERT INTO DESCUENTOS (cod_juguete, id_tienda, nro_lote, id_desc, fecha, cant) \nVALUES (502, 101, 2, 2, DATE '2025-12-13', 1);
24e6cfe9-4cbc-4144-9be6-c6720d8f4cbb:1766951816651:0:F:INSERT INTO DESCUENTOS (cod_juguete, id_tienda, nro_lote, id_desc, fecha, cant) \nVALUES (503, 101, 3, 3, DATE '2025-12-13', 3);
7e7847dd-75e4-40d2-9305-902c57986283:1766951816859:0:F:INSERT INTO DESCUENTOS (cod_juguete, id_tienda, nro_lote, id_desc, fecha, cant) \nVALUES (504, 101, 4, 4, DATE '2025-12-14', 2);
7eda16d3-172c-4e71-a0ba-a2bd72bf6b4f:1766951817066:0:F:INSERT INTO DESCUENTOS (cod_juguete, id_tienda, nro_lote, id_desc, fecha, cant) \nVALUES (505, 102, 1, 5, DATE '2025-12-15', 4);
03c5b1a3-bc1f-4987-be21-53243806ae86:1766951817218:0:F:INSERT INTO DESCUENTOS (cod_juguete, id_tienda, nro_lote, id_desc, fecha, cant) \nVALUES (506, 102, 2, 6, DATE '2025-12-15', 5);
558443ca-f043-4b79-accb-182f7c326b4b:1766951817387:0:F:INSERT INTO DESCUENTOS (cod_juguete, id_tienda, nro_lote, id_desc, fecha, cant) \nVALUES (507, 102, 3, 7, DATE '2025-12-16', 6);
8cfc92d1-44f7-4db2-aa6c-3154b85b0719:1766951817587:0:F:INSERT INTO DESCUENTOS (cod_juguete, id_tienda, nro_lote, id_desc, fecha, cant) \nVALUES (508, 102, 4, 8, DATE '2025-12-16', 7);
daafb8a3-d786-468e-b862-79591e36d338:1766951817762:0:F:INSERT INTO DESCUENTOS (cod_juguete, id_tienda, nro_lote, id_desc, fecha, cant) \nVALUES (509, 103, 1, 9, DATE '2025-12-17', 3);
5478ebc4-176d-4041-8a7d-e2a6ebac7235:1766951817949:0:F:INSERT INTO DESCUENTOS (cod_juguete, id_tienda, nro_lote, id_desc, fecha, cant) \nVALUES (510, 103, 2, 10, DATE '2025-12-17', 2);
5db3d897-0c5c-4716-9d85-c743b2b96f32:1766951818057:3:S:COMMIT;
45165211-b960-44e7-bb77-543ddcd3e6d8:1766952343616:5:S:------------------------------------------------------------\nINSERT INTO FACTURAS_TIENDA VALUES (600001, 1001, 10, DATE '2025-12-13', 150.00);
89696ed9-4e4e-4470-b66d-3091d17b2528:1766952343701:7:S:INSERT INTO FACTURAS_TIENDA VALUES (600002, 1002, 10, DATE '2025-12-13', 200.00);
962cc14a-3e68-4f78-b8e3-4edd5757e940:1766952343790:5:S:INSERT INTO FACTURAS_TIENDA VALUES (600003, 1003, 10, DATE '2025-12-13', 175.00);
8720dd19-cf05-4dd3-9619-7a252bcdd097:1766952343879:0:F:INSERT INTO FACTURAS_TIENDA VALUES (600004, 1004, 10, DATE '2025-12-13', 220.00);
01d0c981-66ab-4a6c-9633-7df57ae6b087:1766952343988:0:F:INSERT INTO FACTURAS_TIENDA VALUES (600005, 1005, 10, DATE '2025-12-13', 180.00);
efa9108a-5a96-49f3-bb48-282c1b82d914:1766952344085:0:F:INSERT INTO FACTURAS_TIENDA VALUES (600006, 1006, 11, DATE '2025-12-14', 250.00);
7ec5a318-a30f-4a4d-96ef-f2b9c80dc4f7:1766952344170:0:F:INSERT INTO FACTURAS_TIENDA VALUES (600007, 1007, 11, DATE '2025-12-14', 300.00);
5e27ba54-2b4d-440a-b6bc-c855c0d5678d:1766952344294:0:F:INSERT INTO FACTURAS_TIENDA VALUES (600008, 1008, 12, DATE '2025-12-15', 190.00);
c4116260-fb23-421a-978a-5d97cc32d226:1766952344385:0:F:INSERT INTO FACTURAS_TIENDA VALUES (600009, 1009, 12, DATE '2025-12-15', 210.00);
c89c1e73-014c-4135-bfd6-ae5d0861c0d9:1766952344468:3:S:INSERT INTO FACTURAS_TIENDA VALUES (600010, 1001, 13, DATE '2025-12-16', 260.00);
c7dfe7ae-796e-4571-b5cb-b5b49ce75182:1766952344682:6:S:------------------------------------------------------------\nINSERT INTO LOTES_SET_TIENDA VALUES (408, 10, 1, DATE '2025-10-01', 40);
09084de8-fcc4-4d30-bf85-111ae6e2b956:1766952344760:3:S:INSERT INTO LOTES_SET_TIENDA VALUES (408, 10, 2, DATE '2025-10-02', 35);
d30eab8f-80ee-465f-b327-2c4049689d9b:1766952344835:0:F:INSERT INTO LOTES_SET_TIENDA VALUES (409, 10, 1, DATE '2025-10-03', 50);
383b5836-edc1-446d-a851-fa1673a20987:1766952344984:0:F:INSERT INTO LOTES_SET_TIENDA VALUES (410, 10, 1, DATE '2025-10-04', 45);
3921c951-facc-42f8-bc5f-ece5b88a2a95:1766952345109:0:F:INSERT INTO LOTES_SET_TIENDA VALUES (411, 10, 1, DATE '2025-10-05', 60);
e3042cab-687c-49dd-8b5a-687507eb56ec:1766952345224:0:F:INSERT INTO LOTES_SET_TIENDA VALUES (412, 11, 1, DATE '2025-10-06', 55);
109c942a-035b-48e5-83f1-0c695eac788f:1766952345329:0:F:INSERT INTO LOTES_SET_TIENDA VALUES (413, 11, 1, DATE '2025-10-07', 70);
aba9ed92-d647-4bef-bcf3-a591f749055f:1766952345424:0:F:INSERT INTO LOTES_SET_TIENDA VALUES (414, 12, 1, DATE '2025-10-08', 80);
4d158fe9-6a01-4dd3-9fc9-006c8d1d3c03:1766952345528:0:F:INSERT INTO LOTES_SET_TIENDA VALUES (415, 12, 1, DATE '2025-10-09', 90);
81f1da27-9979-47f6-b953-aadc137cf6e3:1766952345632:0:F:INSERT INTO LOTES_SET_TIENDA VALUES (2011, 13, 1, DATE '2025-10-10', 100);
9acc9016-def6-409d-8a63-b1d2edb46643:1766952345912:0:F:------------------------------------------------------------\nINSERT INTO DETALLES_FACTURA_TIENDA VALUES (600001, 1, 3, 'A', 408, 10, 1);
8ad5dc60-4490-41b3-a845-c57c5521344c:1766952346009:0:F:INSERT INTO DETALLES_FACTURA_TIENDA VALUES (600002, 2, 2, 'M', 408, 10, 2);
ec7ff7f9-8e08-4a63-82a2-f31acd911e10:1766952346113:0:F:INSERT INTO DETALLES_FACTURA_TIENDA VALUES (600003, 3, 4, 'A', 409, 10, 1);
9779fee6-18fa-4c22-b03b-a0071e06017e:1766952346221:0:F:INSERT INTO DETALLES_FACTURA_TIENDA VALUES (600004, 4, 5, 'M', 410, 10, 1);
2738bbef-5b83-4ea0-ba0a-00489dff558d:1766952346321:0:F:INSERT INTO DETALLES_FACTURA_TIENDA VALUES (600005, 5, 1, 'A', 411, 10, 1);
63432ac4-76db-49e5-8599-58cef8381341:1766952346421:0:F:INSERT INTO DETALLES_FACTURA_TIENDA VALUES (600006, 6, 6, 'M', 412, 11, 1);
a151f86b-8704-4f8a-a991-fe2bda0f56ae:1766952346519:0:F:INSERT INTO DETALLES_FACTURA_TIENDA VALUES (600007, 7, 7, 'A', 413, 11, 1);
f1d6d93c-8180-4f99-8dd2-3e0bd2406427:1766952346616:0:F:INSERT INTO DETALLES_FACTURA_TIENDA VALUES (600008, 8, 3, 'M', 414, 12, 1);
a04d6087-bb50-4d7a-a2bb-7b25cdb4803c:1766952346721:0:F:INSERT INTO DETALLES_FACTURA_TIENDA VALUES (600009, 9, 8, 'A', 415, 12, 1);
ea84063f-efcc-44b4-a964-9aed046700fb:1766952346825:0:F:INSERT INTO DETALLES_FACTURA_TIENDA VALUES (600010, 10, 2, 'M', 2011, 13, 1);
15607258-937f-4d47-af9c-ecf9f280d19c:1766952347053:3:S:------------------------------------------------------------\nINSERT INTO DESCUENTOS VALUES (408, 10, 1, 1, DATE '2025-12-10', 5);
65c9843b-3c05-4699-bc05-f3f9097797cf:1766952347136:4:S:INSERT INTO DESCUENTOS VALUES (408, 10, 2, 2, DATE '2025-12-10', 3);
c5f01394-5159-4009-bf6b-f9ccf2dc911b:1766952347218:0:F:INSERT INTO DESCUENTOS VALUES (409, 10, 1, 3, DATE '2025-12-11', 2);
636d6a9a-1e29-428a-8cc7-4ade76607b5d:1766952347315:0:F:INSERT INTO DESCUENTOS VALUES (410, 10, 1, 4, DATE '2025-12-11', 4);
454f75a0-b9a2-4a4a-a2ea-1f83305421cb:1766952347405:0:F:INSERT INTO DESCUENTOS VALUES (411, 10, 1, 5, DATE '2025-12-11', 1);
ec90542c-f9a3-4673-9893-9d007ab35cd7:1766952347499:0:F:INSERT INTO DESCUENTOS VALUES (412, 11, 1, 6, DATE '2025-12-12', 6);
919f6db0-7160-449f-95f5-e1f255ac137a:1766952347591:0:F:INSERT INTO DESCUENTOS VALUES (413, 11, 1, 7, DATE '2025-12-12', 2);
95704146-29b8-45b7-88e2-f012c5ebe9fb:1766952347689:0:F:INSERT INTO DESCUENTOS VALUES (414, 12, 1, 8, DATE '2025-12-12', 3);
9e270371-21bd-4951-b463-26e3a8ba99c0:1766952347781:0:F:INSERT INTO DESCUENTOS VALUES (415, 12, 1, 9, DATE '2025-12-12', 4);
d9455997-91d3-4e5a-8f78-75a98b2b339c:1766952347870:0:F:INSERT INTO DESCUENTOS VALUES (2011, 13, 1, 10, DATE '2025-12-12', 2);
f42cbd48-97de-4956-bd32-e50260c9b2de:1766952347969:4:S:COMMIT;
533de81f-e74c-4adb-aa7c-848058f8156a:1766952771772:0:F:INSERT INTO PAISES (id, nombre, gentilicio, continente, ue)\nVALUES (58, 'Venezuela', 'venezolano', 'AMERICA', FALSE);
cff08dab-20ec-439d-a57e-2b64651c4723:1766952771987:0:F:INSERT INTO PAISES (id, nombre, gentilicio, continente, ue)\nVALUES (43, 'Dinamarca', 'danes', 'EUROPA', TRUE);
9821bf51-f72d-4e4f-a781-753414813ea5:1766952772152:0:F:INSERT INTO PAISES (id, nombre, gentilicio, continente, ue)\nVALUES (34, 'Espana', 'espanol', 'EUROPA', TRUE);
0c0bf28a-17b6-4d63-8b7b-a498a7e9bdcd:1766952772329:0:F:INSERT INTO PAISES (id, nombre, gentilicio, continente, ue)\nVALUES (972, 'ISRAEL', 'israelí', 'ASIA', FALSE);
50f65c32-da62-4225-a954-990495d70bca:1766952772510:0:F:INSERT INTO PAISES (id, nombre, gentilicio, continente, ue)\nVALUES (56, 'CHILE', 'chileno', 'AMERICA', FALSE);
acbfe213-8a89-4ffb-a1f8-b1697afb072d:1766952772771:0:F:INSERT INTO PAISES (id, nombre, gentilicio, continente, ue) \nVALUES (507, 'Panamá', 'panameño', 'AMERICA', FALSE);
a7f928e5-7611-43e7-a30c-4a00002bdeff:1766952773065:0:F:INSERT INTO PAISES (id, nombre, gentilicio, continente, ue) VALUES \n(52, 'México', 'mexicano', 'AMERICA', FALSE),\n(55, 'Brasil', 'brasileño', 'AMERICA', FALSE),\n(49, 'Alemania', 'alemán', 'EUROPA', TRUE),\n(61, 'Australia', 'australiano', 'OCEANIA', FALSE);
7e74b85b-0d5e-4434-8de6-d327d170ce88:1766952773171:2:S:COMMIT;
ee721ff4-5771-499c-bccc-b16a3de81d1c:1766952773360:0:F:INSERT INTO ESTADOS (id_pais, id, nombre)\nVALUES (58, 1, 'Distrito Capital');
33a48646-0884-4772-a9b5-4cee3e40bda1:1766952773475:0:F:INSERT INTO ESTADOS (id_pais, id, nombre)\nVALUES (58, 2, 'Carabobo');
df065d7d-3cf6-4aa0-8acb-58caf3be3eb1:1766952773603:0:F:INSERT INTO ESTADOS (id_pais, id, nombre)\nVALUES (43, 1, 'Region Capital');
6919a594-23fa-4bb8-9acf-5f36792800cd:1766952773696:0:F:INSERT INTO ESTADOS (id_pais, id, nombre)\nVALUES (43, 2, 'Selandia');
1dff153c-4a20-48e0-9100-dd6a2912a6e1:1766952773835:0:F:INSERT INTO ESTADOS (id_pais, id, nombre)\nVALUES (34, 1, 'Comunidad de Madrid');
f3917bcf-b45b-4d7e-ac23-fe6a74e3fb63:1766952773919:0:F:INSERT INTO ESTADOS (id_pais, id, nombre)\nVALUES (34, 2, 'Cataluna');
22dc2681-b07c-4aff-afd4-9768624ab3ca:1766952774036:0:F:INSERT INTO ESTADOS (id_pais, id, nombre)\nVALUES (972, 1, 'Distrito Central');
1ba39131-54f5-4fea-9191-61f0f9aaffcd:1766952774135:0:F:INSERT INTO ESTADOS (id_pais, id, nombre)\nVALUES (972, 2, 'Distrito Tel Aviv');
f0bd9ddf-fe23-4e94-aa3e-a4453d12b470:1766952774238:0:F:INSERT INTO ESTADOS (id_pais, id, nombre)\nVALUES (972, 3, 'Distrito Sur');
bc6f8d2e-7490-45db-82eb-c38d66bfb84a:1766952774378:0:F:INSERT INTO ESTADOS (id_pais, id, nombre)\nVALUES (56, 1, 'Coquimbo Region');
c39a574a-bcdb-4219-ad15-298c6c7bc156:1766952774491:0:F:INSERT INTO ESTADOS (id_pais, id, nombre)\nVALUES (56, 2, 'Region Metropolitana de Santiago');
dd1c38ef-ef72-4cd4-9411-d41e4b73bd1d:1766952774620:0:F:INSERT INTO ESTADOS (id_pais, id, nombre) \nVALUES (507, 101, 'Panamá');
390d0d85-3a61-411a-8689-128736ba17dc:1766952774703:0:F:INSERT INTO ESTADOS (id_pais, id, nombre) \nVALUES (507, 102, 'Colón');
88b54dde-aa13-4fcb-9e8f-ecf6b67e676f:1766952774785:0:F:INSERT INTO ESTADOS (id_pais, id, nombre) \nVALUES (507, 103, 'Chiriquí');
073e0225-198e-4b05-a177-9611b2dac885:1766952774869:0:F:INSERT INTO ESTADOS (id_pais, id, nombre) \nVALUES (507, 104, 'Veraguas');
a100de6f-ff5f-4165-a248-e57ba2615bfa:1766952774953:0:F:INSERT INTO ESTADOS (id_pais, id, nombre) \nVALUES (507, 105, 'Coclé');
7640b7bf-3547-463b-a5ee-acd83c8f00be:1766952775131:0:F:INSERT INTO ESTADOS (id_pais, id, nombre) VALUES \n(52, 1, 'Ciudad de México'),\n(52, 2, 'Nuevo León');
92a8922f-c085-4c6f-b8ed-bb839fa9ff1f:1766952775311:0:F:INSERT INTO ESTADOS (id_pais, id, nombre) VALUES \n(55, 1, 'São Paulo'),\n(55, 2, 'Rio de Janeiro');
2ad39915-832b-4e28-ba5b-004686aefc31:1766952775435:0:F:INSERT INTO ESTADOS (id_pais, id, nombre) VALUES \n(49, 1, 'Baviera'),\n(49, 2, 'Berlín');
528a2b27-81f5-428d-9cce-36ebeffdc757:1766952775631:0:F:INSERT INTO ESTADOS (id_pais, id, nombre) VALUES \n(61, 1, 'Nueva Gales del Sur'),\n(61, 2, 'Victoria');
79ef4b64-1e31-45e6-8d2e-cae28d0a3117:1766952775735:2:S:COMMIT;
8e215ad1-4610-4cd9-b3a3-9be50f52616c:1766952775951:0:F:INSERT INTO CIUDADES (id_pais, id_estado, id, nombre)\nVALUES (58, 1, 101, 'Caracas');
19af0269-2d25-49df-9f50-c1137f5bb054:1766952776062:0:F:INSERT INTO CIUDADES (id_pais, id_estado, id, nombre)\nVALUES (58, 2, 102, 'Valencia');
ed7f66cd-a056-4c6b-9743-ebd8ebd9dd01:1766952776206:0:F:INSERT INTO CIUDADES (id_pais, id_estado, id, nombre)\nVALUES (43, 1, 101, 'Copenhague');
3505644e-18f5-40e4-8cf3-532854799d20:1766952776311:0:F:INSERT INTO CIUDADES (id_pais, id_estado, id, nombre)\nVALUES (43, 2, 102, 'Rosklide');
6893b657-7df8-4d38-aaa1-f9da25ebbe3c:1766952776447:0:F:INSERT INTO CIUDADES (id_pais, id_estado, id, nombre)\nVALUES (34, 1, 101, 'Madrid');
36d61731-44e7-47c9-96e9-7198666cf17c:1766952776575:0:F:INSERT INTO CIUDADES (id_pais, id_estado, id, nombre)\nVALUES (34, 2, 102, 'Barcelona');
2827faa0-aa76-4ad6-b0e0-4fd049f07cea:1766952776714:0:F:INSERT INTO CIUDADES (id_pais, id_estado, id, nombre)\nVALUES (972, 1, 1, 'Rishon Lezion');
6e23b803-164b-4928-9f2f-d3cbf53e7a07:1766952776818:0:F:INSERT INTO CIUDADES (id_pais, id_estado, id, nombre)\nVALUES (972, 2, 1, 'Tel Aviv');
f5dbe053-1733-4991-9fa3-1bb5ba5b8273:1766952776916:0:F:INSERT INTO CIUDADES (id_pais, id_estado, id, nombre)\nVALUES (972, 3, 1, 'Eilat');
406ff3c7-410e-40a1-bcc2-01148cddb526:1766952777060:0:F:INSERT INTO CIUDADES (id_pais, id_estado, id, nombre)\nVALUES (56, 1, 1, 'Coquimbo');
6eed609e-035d-4430-aad2-40fc0b87cbcc:1766952777167:0:F:INSERT INTO CIUDADES (id_pais, id_estado, id, nombre)\nVALUES (56, 2, 1, 'Las Condes');
c0d28d99-ccfc-4f2d-baf0-6d29707ed1d5:1766952777283:0:F:INSERT INTO CIUDADES (id_pais, id_estado, id, nombre)\nVALUES (56, 2, 2, 'La Reina');
34ea0e3d-62ef-4cc1-80f2-bf684a459ade:1766952777450:0:F:INSERT INTO CIUDADES (id_pais, id_estado, id, nombre) VALUES (507, 101, 1001, 'Ciudad de Panamá');
e71aa55f-9c93-454e-aa39-05e09102e874:1766952777566:0:F:INSERT INTO CIUDADES (id_pais, id_estado, id, nombre) VALUES (507, 102, 1003, 'Colón');
9b7c3de5-d026-4834-9743-ed9f98df9a47:1766952777706:0:F:INSERT INTO CIUDADES (id_pais, id_estado, id, nombre) VALUES (507, 103, 1004, 'David');
dc5271b0-5c96-454a-9a05-93c6ca408291:1766952777818:0:F:INSERT INTO CIUDADES (id_pais, id_estado, id, nombre) VALUES (507, 104, 1007, 'Soná');
71643ccb-d776-4599-a3dd-7ad0dd04ec7a:1766952777907:0:F:INSERT INTO CIUDADES (id_pais, id_estado, id, nombre) VALUES (507, 105, 1010, 'Aguadulce');
010b2ee0-6e0e-48ef-8910-4d59c10aa48a:1766952778052:0:F:INSERT INTO CIUDADES (id_pais, id_estado, id, nombre) VALUES \n(52, 1, 101, 'Ciudad de México'),\n(52, 2, 101, 'Monterrey');
e7aff81e-9c62-459c-a6be-71f7fab0a4bb:1766952778212:0:F:INSERT INTO CIUDADES (id_pais, id_estado, id, nombre) VALUES \n(55, 1, 101, 'São Paulo'),\n(55, 2, 101, 'Rio de Janeiro');
f5f24392-1c70-49e9-8530-f5bd7ebd9014:1766952778380:0:F:INSERT INTO CIUDADES (id_pais, id_estado, id, nombre) VALUES \n(49, 1, 101, 'Múnich'),\n(49, 2, 101, 'Berlín');
4d387b9f-82d9-4d21-b919-60106b6d92f6:1766952778535:0:F:INSERT INTO CIUDADES (id_pais, id_estado, id, nombre) VALUES \n(61, 1, 101, 'Sídney'),\n(61, 2, 101, 'Melbourne');
7b2aa93a-3741-476a-8c3a-cc2be689f0fc:1766952778628:1:S:COMMIT;
662b039a-97d4-4e29-90ef-0c3084b4fe41:1766952778841:0:F:INSERT INTO CLIENTES (id_lego, prim_nom, seg_nom, prim_ape, seg_ape, f_nacim, dni, id_pais_resi, pasaporte, f_venc_pasap)\nVALUES (1001, 'María', 'José', 'González', 'Pérez', TO_DATE('1990-05-12','YYYY-MM-DD'), 'V-12345678', 58, 'P1234567', TO_DATE('2030-05-12','YYYY-MM-DD'));
9e88600e-787b-40e3-9a33-3ff1a3ba3a46:1766952779031:0:F:INSERT INTO CLIENTES (id_lego, prim_nom, seg_nom, prim_ape, seg_ape, f_nacim, dni, id_pais_resi, pasaporte, f_venc_pasap)\nVALUES (1002, 'Juan', 'Gabriel', 'Hernandez', 'Paredes', TO_DATE('2002-04-13','YYYY-MM-DD'), '65893214P', 43, NULL, NULL);
66ff5452-6bc8-4ccd-be5d-51244969b233:1766952779216:0:F:INSERT INTO CLIENTES (id_lego, prim_nom, seg_nom, prim_ape, seg_ape, f_nacim, dni, id_pais_resi, pasaporte, f_venc_pasap)\nVALUES (1003, 'Elsa', NULL, 'Kristensen', 'Dorgu', TO_DATE('1992-02-20','YYYY-MM-DD'), '200292-1235', 43, NULL, NULL);
73701b9c-7824-4ae3-9b78-90751ba5a019:1766952780008:0:F:INSERT INTO CLIENTES (id_lego, prim_nom, seg_nom, prim_ape, seg_ape, f_nacim, dni, id_pais_resi, pasaporte, f_venc_pasap) VALUES \n(1004, 'Carlos', 'Antonio', 'López', 'García', TO_DATE('1985-11-03','YYYY-MM-DD'), 'MX12345678', 52, 'MEX789012', TO_DATE('2028-11-03','YYYY-MM-DD')),\n(1005, 'Ana', 'Beatriz', 'Silva', 'Santos', TO_DATE('1998-07-22','YYYY-MM-DD'), '12345678901', 55, NULL, NULL),\n(1006, 'Hans', NULL, 'Müller', 'Schmidt', TO_DATE('1975-09-15','YYYY-MM-DD'), '1234567890', 49, NULL, NULL),\n(1007, 'Sarah', 'Jane', 'Wilson', 'Brown', TO_DATE('2005-03-10','YYYY-MM-DD'), 'AU123456789', 61, 'AUS456789', TO_DATE('2032-03-10','YYYY-MM-DD')),\n(1008, 'Lucía', NULL, 'Martín', 'Gómez', TO_DATE('1994-12-28','YYYY-MM-DD'), '12345678Z', 34, NULL, NULL),\n(1009, 'David', 'Eli', 'Cohen', 'Levy', TO_DATE('1988-01-17','YYYY-MM-DD'), '123456789', 972, 'ISR987654', TO_DATE('2029-01-17','YYYY-MM-DD'));
eb6c75c8-dafb-41a2-af4d-4c5b96c8ad26:1766952780192:4:S:COMMIT;
40d49d9d-7f9e-4bc5-a17c-6fa36c3524f3:1766952780438:0:F:INSERT INTO TIENDAS_LEGO (id, nombre, direccion, id_pais, id_estado, id_ciudad)\nVALUES (10, 'LEGO Caracas', 'Av. Libertador, C.C. Sambil', 58, 1, 101);
b186d14a-83aa-4358-93db-f516762edaea:1766952780710:0:F:INSERT INTO TIENDAS_LEGO (id, nombre, direccion, id_pais, id_estado, id_ciudad)\nVALUES (11, 'LEGO Store Rishon Lezion', 'G Cinema City Mall, 3 Yaldey', 972, 1, 1);
e60d988e-fbb9-4f87-974f-fc05b03a4340:1766952780907:0:F:INSERT INTO TIENDAS_LEGO (id, nombre, direccion, id_pais, id_estado, id_ciudad)\nVALUES (12, 'LEGO Store Tel Aviv', 'Dizengoff Center, Dizengoff St 50', 972, 2, 1);
481eddd7-ef96-4096-995e-1eb6a82bcbca:1766952781076:0:F:INSERT INTO TIENDAS_LEGO (id, nombre, direccion, id_pais, id_estado, id_ciudad)\nVALUES (13, 'LEGO Store Eilat', 'BIG CENTER Eilat, 20 Hasatat St.', 972, 3, 1);
d5e81b8d-41e6-4e75-9d4c-da7a956e5154:1766952781274:0:F:INSERT INTO TIENDAS_LEGO (id, nombre, direccion, id_pais, id_estado, id_ciudad)\nVALUES (21, 'LEGO Store Egana', 'Av. Larrain 5862, La Reina, Región Metropolitana, Chile', 56, 2, 2);
367c11e6-d1df-4343-a4b7-889bb700b355:1766952781440:0:F:INSERT INTO TIENDAS_LEGO (id, nombre, direccion, id_pais, id_estado, id_ciudad)\nVALUES (22, 'LEGO Store Manquehue', 'Av. Manquehue Nte. 1255', 56, 2, 1);
043f122f-e328-4ad7-bb5e-d4d4fef4da77:1766952781565:0:F:INSERT INTO TIENDAS_LEGO (id, nombre, direccion, id_pais, id_estado, id_ciudad)\nVALUES (23, 'LEGO Store Calama', 'Av. Balmaceda 3242', 56, 1, 1);
bf1ad4d4-8a93-44a4-b64c-27412a015ae5:1766952781740:0:F:INSERT INTO TIENDAS_LEGO (id, nombre, direccion, id_pais, id_estado, id_ciudad)\nVALUES (501, 'LEGO Store Multiplaza', 'Av. Balboa, Multiplaza Mall', 507, 101, 1001);
e7382c3f-9dc9-4dfb-912b-1fc5a5f26f4e:1766952781895:0:F:INSERT INTO TIENDAS_LEGO (id, nombre, direccion, id_pais, id_estado, id_ciudad)\nVALUES (506, 'LEGO Store Altaplaza', 'Altaplaza Mall, Vía Centenario, Ciudad de Panamá', 507, 101, 1001);
106daba0-be1e-4b5b-af32-243ccdec6386:1766952781981:1:S:COMMIT;
3e47eaf2-e0a0-4780-8244-96bf13609acf:1766952782389:0:F:INSERT INTO HORARIOS_ATENCION (id_tienda, dia, hora_entr, hora_sal) VALUES \n(10, 'LUN', TO_DATE('09:00','HH24:MI'), TO_DATE('17:00','HH24:MI')),\n(10, 'MAR', TO_DATE('09:00','HH24:MI'), TO_DATE('20:00','HH24:MI')),\n(10, 'MIE', TO_DATE('10:00','HH24:MI'), TO_DATE('17:00','HH24:MI')),\n(10, 'JUE', TO_DATE('09:00','HH24:MI'), TO_DATE('19:00','HH24:MI')),\n(10, 'VIE', TO_DATE('09:00','HH24:MI'), TO_DATE('17:00','HH24:MI')),\n(10, 'SAB', TO_DATE('10:00','HH24:MI'), TO_DATE('16:00','HH24:MI')),\n(10, 'DOM', TO_DATE('09:00','HH24:MI'), TO_DATE('17:00','HH24:MI'));
e9f92041-40c9-45fa-952b-625129414f34:1766952782487:1:S:COMMIT;
e9f92041-40c9-45fa-952b-625129414f34:1766952782487:1:S:COMMIT;
82bbb8ff-1996-4bd2-a37e-77ad5f88ff64:1766952782799:0:F:INSERT INTO FACTURAS_TIENDA (nro_fact, id_cliente, id_tienda, f_emision, total)\nVALUES (500001, 1001, 10, TO_DATE('2025-12-01','YYYY-MM-DD'), 150.50);
957c3096-a0f1-4c42-922b-f9451d82b083:1766952783149:0:F:INSERT INTO FACTURAS_TIENDA (nro_fact, id_cliente, id_tienda, f_emision, total) VALUES \n(500002, 1002, 11, TO_DATE('2025-12-03','YYYY-MM-DD'), 245.99), \n(500003, 1004, 10, TO_DATE('2025-12-04','YYYY-MM-DD'), 89.50),\n(500004, 1005, 21, TO_DATE('2025-12-05','YYYY-MM-DD'), 178.20),\n(500005, 1006, 12, TO_DATE('2025-12-06','YYYY-MM-DD'), 320.75), \n(500006, 1008, 13, TO_DATE('2025-12-07','YYYY-MM-DD'), 156.00),\n(500007, 1009, 22, TO_DATE('2025-12-08','YYYY-MM-DD'), 210.30);
3b1684db-1304-457e-9d1a-2f80af457710:1766952783251:4:S:COMMIT;
e66946dd-f385-46f3-8240-952638b6796e:1766952783465:0:F:INSERT INTO VISITANTES_FANS (id_lego, prim_nom, prim_ape, seg_ape, f_nacim, dni, id_pais, seg_nom, pasaporte, f_venc_pasap)\nVALUES (2001, 'José', 'Ramírez', 'Torres', TO_DATE('1985-03-20','YYYY-MM-DD'), 987654321, 58, 'Luis', 'VZL12345', TO_DATE('2029-03-20','YYYY-MM-DD'));
6e8c2837-810a-4fec-8380-6112cb8837f5:1766952784280:0:F:INSERT INTO VISITANTES_FANS (id_lego, prim_nom, prim_ape, seg_ape, f_nacim, dni, id_pais, seg_nom, pasaporte, f_venc_pasap) VALUES \n(2002, 'Pedro', 'Guzmán', 'López', TO_DATE('1995-08-10','YYYY-MM-DD'), 123456789, 52, NULL, NULL, NULL),     -- México\n(2003, 'Luisa', 'Fernández', 'Roa', TO_DATE('2000-12-05','YYYY-MM-DD'), 9876543210, 55, 'Maria', NULL, NULL), -- Brasil\n(2004, 'Klaus', 'Weber', 'Klein', TO_DATE('1980-06-22','YYYY-MM-DD'), 876543210, 49, NULL, 'DEU123456', TO_DATE('2028-06-22','YYYY-MM-DD')),  -- Alemania\n(2005, 'Emma', 'Davis', 'Lee', TO_DATE('2008-02-14','YYYY-MM-DD'), 456789123, 61, NULL, NULL, NULL),         -- Australia\n(2006, 'Miguel', 'Sánchez', 'Ríos', TO_DATE('1997-09-30','YYYY-MM-DD'), 321654987, 34, NULL, NULL, NULL),    -- España\n(2007, 'Rachel', 'Goldberg', 'Weiss', TO_DATE('1990-04-18','YYYY-MM-DD'), 147258369, 972, NULL, NULL, NULL); -- Israel
023d9761-ca9f-4cba-821b-8108be93f03f:1766952784391:1:S:COMMIT;
4c590021-3328-4e42-bcca-2344d15501fa:1766952784560:0:F:INSERT INTO TELEFONOS (cod_inter, cod_local, numero, tipo, id_cliente)\nVALUES (58, 212, 5551234, 'F', 1001); -- Teléfono fijo Caracas
1cf798fe-31c0-4c44-ba54-a9740634d932:1766952784660:0:F:INSERT INTO TELEFONOS (cod_inter, cod_local, numero, tipo, id_visitante)\nVALUES (58, 414, 7894561, 'M', 2001); -- Teléfono móvil Movilnet
93136578-308a-443b-9eef-1db03d0519f9:1766952784960:0:F:INSERT INTO TELEFONOS (cod_inter, cod_local, numero, tipo, id_cliente) VALUES \n(52, 55, 1234567, 'F', 1004),  -- México fijo\n(55, 11, 9876543, 'M', 1005),  -- Brasil móvil\n(49, 30, 4567890, 'F', 1006),  -- Alemania fijo\n(61, 2, 7890123, 'M', 1007),   -- Australia móvil\n(34, 91, 2345678, 'F', 1008),  -- España fijo Madrid\n(972, 3, 4567890, 'M', 1009);  -- Israel móvil
eac32663-a7c9-402e-8255-2972ce40b320:1766952785051:1:S:COMMIT;
a2f9e820-a059-441f-8e52-2428624918bc:1766952785203:0:F:INSERT INTO FACTURAS_ONLINE (nro_fact, f_emision, id_cliente, ptos_generados, total)\nVALUES (700001, TO_DATE('2025-11-25','YYYY-MM-DD'), 1001, 25, 80.75);
eaafcdc6-7779-4192-a6f7-a3ef099fcff8:1766952785522:0:F:INSERT INTO FACTURAS_ONLINE (nro_fact, f_emision, id_cliente, ptos_generados, total) VALUES \n(700002, TO_DATE('2025-11-28','YYYY-MM-DD'), 1002, 15, 120.25),\n(700003, TO_DATE('2025-11-29','YYYY-MM-DD'), 1004, 30, 89.99),\n(700004, TO_DATE('2025-11-30','YYYY-MM-DD'), 1005, 22, 175.80),\n(700005, TO_DATE('2025-12-01','YYYY-MM-DD'), 1006, 45, 299.50),\n(700006, TO_DATE('2025-12-02','YYYY-MM-DD'), 1007, 12, 65.75),\n(700007, TO_DATE('2025-12-03','YYYY-MM-DD'), 1008, 18, 142.00);
a10e88f9-cb2c-4b34-a380-126f76bb1c9f:1766952785623:1:S:COMMIT;
945fbc52-ae00-4139-a089-769831103296:1766952786031:0:F:INSERT INTO FECHAS_TOUR (f_inicio, costo, cupos) VALUES \n(TO_DATE('2026-02-20','YYYY-MM-DD'), 95.00, 30),    -- Tour económico\n(TO_DATE('2026-03-10','YYYY-MM-DD'), 180.00, 25),   -- Tour premium\n(TO_DATE('2026-04-05','YYYY-MM-DD'), 135.00, 40),   -- Tour primavera\n(TO_DATE('2026-05-15','YYYY-MM-DD'), 110.00, 35),   -- Tour mayo\n(TO_DATE('2026-06-25','YYYY-MM-DD'), 155.00, 20),   -- Tour vacaciones\n(TO_DATE('2026-07-12','YYYY-MM-DD'), 140.00, 28);   -- Tour julio
8acbb78f-617c-4787-b170-5d645b927923:1766952786142:1:S:COMMIT;
63d04c22-3f94-4c6d-af28-6c879d232f44:1766952786308:0:F:INSERT INTO INSCRIPCIONES_TOUR (f_inicio, nro_fact, f_emision, estado, total) \nVALUES (TO_DATE('2026-02-20','YYYY-MM-DD'), 250, TO_DATE('2025-12-08','YYYY-MM-DD'), 'PENDIENTE', 20.00);
f9c6c5b4-4db0-4271-b24c-9fd37aac822e:1766952786425:2:S:COMMIT;
f9c6c5b4-4db0-4271-b24c-9fd37aac822e:1766952786425:2:S:COMMIT;
8c9218ac-0c81-405d-a5f4-373b93517d2e:1766952786726:0:F:INSERT INTO ENTRADAS (f_inicio, nro_fact, nro, tipo)\nVALUES (TO_DATE('2026-02-20','YYYY-MM-DD'), 250, 900001, 'A'); -- Adulto
43bc234e-d635-4d4c-a5ac-3ddc0691c700:1766952786819:0:F:INSERT INTO ENTRADAS (f_inicio, nro_fact, nro, tipo) VALUES \n(TO_DATE('2026-02-20','YYYY-MM-DD'), 250, 900002, 'M');  -- Menor
44bd9cf2-0c72-4aef-a7b9-7976e011c201:1766952786908:1:S:COMMIT;
f55b0bd4-d802-4435-b9a8-5e7a3c504227:1766952787094:0:F:INSERT INTO TEMAS (id, nombre, tipo, descripcion, id_tema_padre)\nVALUES (101, 'Lego Batman', 'L', 'Sets inspirados en el universo de Batman', NULL);
a58fc80b-7c39-43be-a712-361a9dc4a964:1766952787238:0:F:INSERT INTO TEMAS (id, nombre, tipo, descripcion, id_tema_padre)\nVALUES (102, 'LEGO Art', 'L', 'Sets de arte y decoración con piezas LEGO', NULL);
3a9dc326-c75b-4b0d-baf7-751a4062ec08:1766952787449:0:F:INSERT INTO TEMAS (id, nombre, tipo, descripcion, id_tema_padre) VALUES \n(306, 'LEGO Marvel', 'L', 'Personajes y escenarios icónicos del universo Marvel', NULL),\n(307, 'LEGO BrickHeadz', 'O', 'Figuras coleccionables estilo BrickHeadz de Disney y más', NULL);
8e5f86c8-af01-426d-8f6e-ffaaaf177cbd:1766952787547:1:S:COMMIT;
c39a0f6c-5b25-49d1-bdfb-dcc463a08452:1766952787727:0:F:INSERT INTO JUGUETES VALUES (2011, 'Batman Key Chain', 'Llavero oficial LEGO Batman 854235', 101, '5A6', 'A', 'L', FALSE, NULL, NULL, 152);
cd4c3383-f35c-4866-9d21-64d88349a60e:1766952787845:0:F:INSERT INTO JUGUETES VALUES (2012, 'Batman Mech Armor', 'Armadura mecánica de Batman 76270', 101, '7A8', 'B', 'L', TRUE, NULL, 'Manual incluido');
dd7e1434-3ab7-4521-b512-345f857cdbb0:1766952787983:0:F:INSERT INTO JUGUETES VALUES (2013, 'Batgirl Key Chain', 'Llavero oficial LEGO Batgirl 854320', 101, '5A6', 'A', 'L', FALSE, NULL, NULL, 146);
b508292f-3a73-4d35-911f-104324d6a896:1766952788121:0:F:INSERT INTO JUGUETES VALUES (2014, 'Batman 8in1 Figure', 'Figura LEGO Batman 8 en 1 40748', 101, '9A11', 'C', 'L', TRUE, NULL, 'Guía paso a paso incluida', NULL);
812486c3-862f-4f26-affd-584fe418ae61:1766952788270:0:F:INSERT INTO JUGUETES VALUES (3011, 'The Milky Way Galaxy', 'LEGO Art La Vía Láctea 31212', 102, '12+', 'D', 'L', TRUE, NULL, 'Manual detallado', NULL);
cf61c053-f6f5-4734-a224-5085adba018f:1766952788386:0:F:INSERT INTO JUGUETES VALUES (3012, 'LOVE', 'LEGO Art LOVE 31214', 102, '12+', 'C', 'L', TRUE, NULL, 'Guía incluida', NULL);
991db9e1-b7c7-4508-8b62-1c8dd3d21cee:1766952788528:0:F:INSERT INTO JUGUETES VALUES (3013, 'Mona Lisa', 'LEGO Art Mona Lisa 31213', 102, '12+', 'C', 'L', TRUE, NULL, 'Guía paso a paso', NULL);
bd9aea21-e00c-437b-a8c0-06858bc0dc29:1766952788667:0:F:INSERT INTO JUGUETES VALUES (3014, 'The Fauna Collection - Tiger', 'LEGO Art Fauna: Tigre 31217', 102, '12+', 'C', 'L', TRUE, NULL, 'Manual incluido', NULL);
59177367-d5d2-40a3-b8d9-21fcea31598c:1766952789457:0:F:INSERT INTO JUGUETES (codigo, nombre, descripcion, id_tema, rgo_edad, rgo_precio, tipo_lego, "set", id_setpadre, instruc, piezas) VALUES \n(408, 'Iron Spider-Man', 'Figura de Spider-Man con armadura Iron Spider y alas mecánicas', 306, '9A11', 'C', 'L', FALSE, NULL, 'Instrucciones con detalles técnicos', 412),\n(409, 'Dancing Groot', 'Groot bebé con funciones de baile y expresiones animadas', 306, '7A8', 'B', 'L', TRUE, NULL, 'Guía paso a paso interactiva', NULL),\n(410, 'Miles Morales Mask', 'Casco de Miles Morales con detalles luminosos y soporte', 306, '12+', 'C', 'L', FALSE, 408, 'Instrucciones avanzadas con LEDs', 156),\n(411, 'Daily Bugle', 'Edificio icónico del Daily Bugle con oficinas y figuras', 306, 'ADULTOS', 'D', 'L', FALSE, NULL, 'Manual profesional 4D', 3724);
7e75ac03-3076-4375-8d4d-82b7505fb4c5:1766952790309:0:F:INSERT INTO JUGUETES (codigo, nombre, descripcion, id_tema, rgo_edad, rgo_precio, tipo_lego, "set", id_setpadre, instruc, piezas) VALUES \n(412, 'Eeyore BrickHeadz', 'Figurine BrickHeadz de Eeyore con orejas colgantes', 307, '5A6', 'A', 'O', TRUE, NULL, 'Instrucciones simples coloridas', NULL),\n(413, 'Wednesday y Enid', 'Duo BrickHeadz de Wednesday Addams y Enid Sinclair', 307, '9A11', 'B', 'O', TRUE, NULL, 'Guía dual con personalización', NULL),\n(414, 'Dumbo BrickHeadz', 'Figura BrickHeadz de Dumbo con orejas grandes', 307, '3A4', 'A', 'O', FALSE, NULL, 'Instrucciones básicas grandes', 189),\n(415, 'Red Panda Mei', 'BrickHeadz de Mei como panda roja de Turning Red', 307, '7A8', 'B', 'O', FALSE, 412, 'Instrucciones con variaciones animales', 140);
a818abcb-8af8-427b-bd23-23df4a62b4f3:1766952790400:1:S:COMMIT;
e8a1716b-ef5e-4161-bb28-a08e614e37e3:1766952790654:7:S:INSERT INTO PRODUCTOS_RELACIONADOS (id_producto, id_prod_relaci) VALUES \n-- Marvel: Spider-Man familia + Daily Bugle escenario\n(408, 410),\n(410, 408),\n(408, 411), \n(409, 411), \n(412, 414), \n(414, 412),\n(415, 414);
b30c0ebc-98bc-4c95-8c31-1cd6887f9c07:1766952790736:5:S:COMMIT;
77be101c-44dc-4b5c-bbee-30a40a7cc9be:1766952790858:0:F:INSERT INTO PRODUCTOS_RELACIONADOS VALUES (2011, 2013);
f559b8fc-0147-441a-aa6d-76d8e631cefe:1766952790914:0:F:INSERT INTO PRODUCTOS_RELACIONADOS VALUES (2011, 2012);
b2426191-15c1-4bf2-ba8d-0490e3c2b91e:1766952790973:0:F:INSERT INTO PRODUCTOS_RELACIONADOS VALUES (2012, 2014);
4e3a65fd-4033-4491-8b96-5ba23fd3db4e:1766952791033:0:F:INSERT INTO PRODUCTOS_RELACIONADOS VALUES (2013, 2014);
a1de73bc-8595-4182-b2f7-9a119d6afe79:1766952791113:3:S:COMMIT;
83d696b9-d157-43b1-8109-318019d5ee80:1766952792024:0:F:INSERT INTO HISTORICO_PRECIOS_JUGUETES (cod_juguete, f_inicio, precio, f_fin) VALUES \n(408, TO_DATE('2025-01-01','YYYY-MM-DD'), 45.99, TO_DATE('2025-06-30','YYYY-MM-DD')),\n(409, TO_DATE('2025-02-15','YYYY-MM-DD'), 29.99, TO_DATE('2025-08-20','YYYY-MM-DD')), \n(2012, TO_DATE('2025-03-01','YYYY-MM-DD'), 19.99, NULL),                             \n(3012, TO_DATE('2025-04-10','YYYY-MM-DD'), 79.99, TO_DATE('2025-10-15','YYYY-MM-DD')),\n(412, TO_DATE('2025-05-01','YYYY-MM-DD'), 9.99, NULL),                                 \n(414, TO_DATE('2025-01-15','YYYY-MM-DD'), 9.99, TO_DATE('2025-07-01','YYYY-MM-DD')),   \n(2011, TO_DATE('2025-06-01','YYYY-MM-DD'), 4.99, NULL);
7e616314-cb0c-4173-a1df-4c763899eb93:1766952792119:1:S:COMMIT;
2768a85d-211d-4859-83fe-0ad82e6e9c8b:1766952792351:0:F:INSERT INTO CATALOGOS_LEGO (id_pais, cod_juguete, limite) VALUES \n(52, 408, 50), \n(55, 409, 75), \n(49, 2012, 30),\n(61, 412, 100), \n(34, 414, 60),\n(972, 2011, 40),\n(43, 3012, 25);
490e1467-ec17-4d41-9147-e327894a17e9:1766952792462:0:F:INSERT INTO CATALOGOS_LEGO (id_pais, cod_juguete, limite) VALUES (58, 408, 100);
018f084c-1f1a-4522-9e33-3a24ddcc6fed:1766952792534:1:S:COMMIT;
018f084c-1f1a-4522-9e33-3a24ddcc6fed:1766952792534:1:S:COMMIT;
d43298ba-9cb5-4c7c-b1a2-4dcf503e1075:1766952792840:0:F:INSERT INTO DETALLES_INSCRITOS(fecha_inicio, nro_fact, id_det_insc, id_visit) \nVALUES (TO_DATE('2026-02-20','YYYY-MM-DD'), 250, 40, 2001),\n       (TO_DATE('2026-02-20','YYYY-MM-DD'), 250, 98, 2003);
e99339a1-eac6-430a-893a-527d39e7b007:1766952792941:2:S:COMMIT;
b0beb4d6-9317-4d5f-ab80-cdb694a950e4:1766952793093:0:F:INSERT INTO DETALLES_FACTURA_ONLINE (nro_fact, id_det_fact, cant_prod, tipo_cli, codigo, id_pais)\nVALUES (700001, 70001, 2, 'A', 408, 58);
14d4bd49-54bc-41c5-abf7-11d4d204749f:1766952793203:3:S:COMMIT;
f4f6ca72-d9b7-4620-b1a1-81a933a62326:1766952793349:0:F:INSERT INTO LOTES_SET_TIENDA (cod_juguete, id_tienda, nro_lote, f_adqui, cant_prod)\nVALUES (408, 10, 301, TO_DATE('2025-10-15','YYYY-MM-DD'), 30);
32c3dd53-d4ad-4f1b-a35d-7264e53cd3cb:1766952793432:1:S:COMMIT;
233a1112-1e78-4109-b051-e5d7206d1b22:1766952793587:0:F:INSERT INTO DETALLES_FACTURA_TIENDA (nro_fact, id_det_fact, cant_prod, tipo_cli, codigo, id_tienda, nro_lote)\nVALUES (500001, 80001, 3, 'M', 408, 10, 301);
00fed9a6-7fc8-412f-bacc-c45926d805dc:1766952793684:2:S:COMMIT;
75b4fcfd-d9d1-4fec-ad68-6fc882201315:1766952793829:0:F:INSERT INTO DESCUENTOS (codigo, id_tienda, nro_lote, id_desc, fecha, cant)\nVALUES (408, 10, 301, 90001, TO_DATE('2025-12-05','YYYY-MM-DD'), 15);
2c81a1c0-f254-44c0-b2a3-b0f198cc9502:1766952793920:1:S:COMMIT;
c7c00e09-4557-4782-bf65-4f9737e5e8f2:1766952999855:0:F:DROP TABLE DESCUENTOS;
9051d305-d97e-45ce-83ff-6cdd06320257:1766952999949:0:F:DROP TABLE DETALLES_FACTURA_TIENDA;
df7de200-44d7-496c-b2ac-72c965f917b1:1766953000018:0:F:DROP TABLE LOTES_SET_TIENDA;
6a20a634-9154-425d-be03-c228fee04e73:1766953000083:0:F:DROP TABLE DETALLES_FACTURA_ONLINE;
c48ca9f3-dc28-4f34-91f6-ce74c8d09171:1766953000158:0:F:DROP TABLE DETALLES_INSCRITOS;
8f211869-afc3-4f4e-a764-c3cfe96109d9:1766953000238:0:F:DROP TABLE CATALOGOS_LEGO;
35829251-105a-49c4-945b-a61182062d8a:1766953000293:0:F:DROP TABLE HISTORICO_PRECIOS_JUGUETES;
74ff2ea6-0da8-47a7-bcef-3984e3d79e7e:1766953000358:0:F:DROP TABLE PRODUCTOS_RELACIONADOS;
18280708-78a0-49e2-9971-3e07bb12e7bb:1766953000417:0:F:DROP TABLE JUGUETES;
07cb8fa9-0872-4af5-836d-88dd0a1bd557:1766953000480:0:F:DROP TABLE TEMAS;
5e939061-2e01-42af-bc82-7524ec7f6062:1766953000539:0:F:DROP TABLE ENTRADAS;
6afdcdb2-b461-4cc9-9b0b-501d03e43f7e:1766953000598:0:F:DROP TABLE INSCRIPCIONES_TOUR;
c2de7077-590a-4e38-b527-e7bca1c7b89f:1766953000659:0:F:DROP TABLE FECHAS_TOUR;
506d2476-209c-4051-8a2d-be3fbebf3789:1766953000718:0:F:DROP TABLE FACTURAS_ONLINE;
26ac14a5-2712-4f7a-90df-6065e7a406de:1766953000771:0:F:DROP TABLE TELEFONOS;
4d9f5610-d90c-4324-b2ce-74165a58750b:1766953000828:0:F:DROP TABLE VISITANTES_FANS;
5d11b48b-c966-4f7b-b0be-efd64bc4d654:1766953000891:0:F:DROP TABLE FACTURAS_TIENDA;
99cc37c9-1b60-45de-9792-762c7944e4da:1766953000953:0:F:DROP TABLE HORARIOS_ATENCION;
e49ec254-70a0-4b1d-8e97-273b947f2776:1766953001012:0:F:DROP TABLE TIENDAS_LEGO;
d434bffa-c887-4c63-aedc-325b49b5c9e6:1766953001070:0:F:DROP TABLE CLIENTES;
c00ebaef-448e-484a-9746-913c01d960a3:1766953001125:0:F:DROP TABLE CIUDADES;
b1235111-36ca-4e3d-8fc4-56a651fda284:1766953001187:0:F:DROP TABLE ESTADOS;
0b0e1ec2-5831-4b58-9fa3-8e87acfa5344:1766953001249:0:F:DROP TABLE PAISES;
2ad905d2-f111-4f5d-b6ce-17e429c8256a:1766953001419:0:F:DROP SEQUENCE id_entrada;
762399e9-82a2-4561-99c4-78c72b8dec29:1766953001473:0:F:DROP SEQUENCE desce;
05f74528-1b9c-49ff-ab54-8a2f44096a8b:1766953580702:3:S:COMMIT;
